\BOOKMARK [0][-]{chapter.1}{第1章 はじめに}{}% 1
\BOOKMARK [1][-]{section.1.1}{1.1 研究背景}{chapter.1}% 2
\BOOKMARK [1][-]{section.1.2}{1.2 研究目的}{chapter.1}% 3
\BOOKMARK [1][-]{section.1.3}{1.3 論文構成}{chapter.1}% 4
\BOOKMARK [0][-]{chapter.2}{第2章 関連技術}{}% 5
\BOOKMARK [1][-]{section.2.1}{2.1 手書き文字認識の種類}{chapter.2}% 6
\BOOKMARK [1][-]{section.2.2}{2.2 再帰型ニューラルネットワーク}{chapter.2}% 7
\BOOKMARK [2][-]{subsection.2.2.1}{2.2.1 RNNの構造}{section.2.2}% 8
\BOOKMARK [2][-]{subsection.2.2.2}{2.2.2 LSTM}{section.2.2}% 9
\BOOKMARK [1][-]{section.2.3}{2.3 関連研究}{chapter.2}% 10
\BOOKMARK [2][-]{subsection.2.3.1}{2.3.1 直線データとBidirectionalLSTMを用いた中国語認識システムzhang18:drawing}{section.2.3}% 11
\BOOKMARK [2][-]{subsection.2.3.2}{2.3.2 dropStroke手法を用いたデータ拡張と筆者同定システムyang15:dropstroke}{section.2.3}% 12
\BOOKMARK [2][-]{subsection.2.3.3}{2.3.3 遠隔医療システムにおける処方箋予測に向けた手書き医療用語認識に関する研究}{section.2.3}% 13
\BOOKMARK [0][-]{chapter.3}{第3章 LSTMを用いた手書き医療用語認識とSRP手法によるデータ拡張}{}% 14
\BOOKMARK [1][-]{section.3.1}{3.1 システムの概要}{chapter.3}% 15
\BOOKMARK [1][-]{section.3.2}{3.2 前処理ブロック}{chapter.3}% 16
\BOOKMARK [2][-]{subsection.3.2.1}{3.2.1 点の除去}{section.3.2}% 17
\BOOKMARK [2][-]{subsection.3.2.2}{3.2.2 正規化}{section.3.2}% 18
\BOOKMARK [2][-]{subsection.3.2.3}{3.2.3 特徴量抽出}{section.3.2}% 19
\BOOKMARK [1][-]{section.3.3}{3.3 データ拡張ブロック}{chapter.3}% 20
\BOOKMARK [2][-]{subsection.3.3.1}{3.3.1 ストロークの回転}{section.3.3}% 21
\BOOKMARK [2][-]{subsection.3.3.2}{3.3.2 ストロークの平行移動}{section.3.3}% 22
\BOOKMARK [2][-]{subsection.3.3.3}{3.3.3 文字の縦横比変更}{section.3.3}% 23
\BOOKMARK [1][-]{section.3.4}{3.4 機械学習ブロック}{chapter.3}% 24
\BOOKMARK [0][-]{chapter.4}{第4章 実装}{}% 25
\BOOKMARK [1][-]{section.4.1}{4.1 データ収集}{chapter.4}% 26
\BOOKMARK [2][-]{subsection.4.1.1}{4.1.1 医療用語コーパス}{section.4.1}% 27
\BOOKMARK [2][-]{subsection.4.1.2}{4.1.2 データ収集用アプリ}{section.4.1}% 28
\BOOKMARK [1][-]{section.4.2}{4.2 使用機器}{chapter.4}% 29
\BOOKMARK [1][-]{section.4.3}{4.3 学習モデル構造}{chapter.4}% 30
\BOOKMARK [0][-]{chapter.5}{第5章 評価}{}% 31
\BOOKMARK [1][-]{section.5.1}{5.1 高橋さんの評価}{chapter.5}% 32
\BOOKMARK [1][-]{section.5.2}{5.2 風の評価構想}{chapter.5}% 33
\BOOKMARK [1][-]{section.5.3}{5.3 各値の設定}{chapter.5}% 34
\BOOKMARK [1][-]{section.5.4}{5.4 評価方法}{chapter.5}% 35
\BOOKMARK [1][-]{section.5.5}{5.5 評価結果}{chapter.5}% 36
\BOOKMARK [0][-]{chapter.6}{第6章 おわりに}{}% 37
\BOOKMARK [1][-]{section.6.1}{6.1 本研究の主たる成果}{chapter.6}% 38
\BOOKMARK [1][-]{section.6.2}{6.2 今後の課題}{chapter.6}% 39
\BOOKMARK [0][-]{chapter*.2}{謝辞}{}% 40
\BOOKMARK [0][-]{chapter*.3}{参考文献}{}% 41
